ARM GAS  /tmp/cctMypvL.s 			page 1


   1              		.cpu cortex-m4
   2              		.eabi_attribute 27, 1
   3              		.eabi_attribute 28, 1
   4              		.eabi_attribute 20, 1
   5              		.eabi_attribute 21, 1
   6              		.eabi_attribute 23, 3
   7              		.eabi_attribute 24, 1
   8              		.eabi_attribute 25, 1
   9              		.eabi_attribute 26, 1
  10              		.eabi_attribute 30, 1
  11              		.eabi_attribute 34, 1
  12              		.eabi_attribute 18, 4
  13              		.file	"gpio.c"
  14              		.text
  15              	.Ltext0:
  16              		.cfi_sections	.debug_frame
  17              		.section	.text.MX_GPIO_Init,"ax",%progbits
  18              		.align	1
  19              		.global	MX_GPIO_Init
  20              		.arch armv7e-m
  21              		.syntax unified
  22              		.thumb
  23              		.thumb_func
  24              		.fpu fpv4-sp-d16
  26              	MX_GPIO_Init:
  27              	.LFB235:
  28              		.file 1 "Core/Src/gpio.c"
   1:Core/Src/gpio.c **** /**
   2:Core/Src/gpio.c ****   ******************************************************************************
   3:Core/Src/gpio.c ****   * @file    gpio.c
   4:Core/Src/gpio.c ****   * @brief   This file provides code for the configuration
   5:Core/Src/gpio.c ****   *          of all used GPIO pins.
   6:Core/Src/gpio.c ****   ******************************************************************************
   7:Core/Src/gpio.c ****   * @attention
   8:Core/Src/gpio.c ****   *
   9:Core/Src/gpio.c ****   * <h2><center>&copy; Copyright (c) 2021 STMicroelectronics.
  10:Core/Src/gpio.c ****   * All rights reserved.</center></h2>
  11:Core/Src/gpio.c ****   *
  12:Core/Src/gpio.c ****   * This software component is licensed by ST under BSD 3-Clause license,
  13:Core/Src/gpio.c ****   * the "License"; You may not use this file except in compliance with the
  14:Core/Src/gpio.c ****   * License. You may obtain a copy of the License at:
  15:Core/Src/gpio.c ****   *                        opensource.org/licenses/BSD-3-Clause
  16:Core/Src/gpio.c ****   *
  17:Core/Src/gpio.c ****   ******************************************************************************
  18:Core/Src/gpio.c ****   */
  19:Core/Src/gpio.c **** 
  20:Core/Src/gpio.c **** /* Includes ------------------------------------------------------------------*/
  21:Core/Src/gpio.c **** #include "gpio.h"
  22:Core/Src/gpio.c **** 
  23:Core/Src/gpio.c **** /* USER CODE BEGIN 0 */
  24:Core/Src/gpio.c **** 
  25:Core/Src/gpio.c **** /* USER CODE END 0 */
  26:Core/Src/gpio.c **** 
  27:Core/Src/gpio.c **** /*----------------------------------------------------------------------------*/
  28:Core/Src/gpio.c **** /* Configure GPIO                                                             */
  29:Core/Src/gpio.c **** /*----------------------------------------------------------------------------*/
  30:Core/Src/gpio.c **** /* USER CODE BEGIN 1 */
ARM GAS  /tmp/cctMypvL.s 			page 2


  31:Core/Src/gpio.c **** 
  32:Core/Src/gpio.c **** /* USER CODE END 1 */
  33:Core/Src/gpio.c **** 
  34:Core/Src/gpio.c **** /** Configure pins as
  35:Core/Src/gpio.c ****         * Analog
  36:Core/Src/gpio.c ****         * Input
  37:Core/Src/gpio.c ****         * Output
  38:Core/Src/gpio.c ****         * EVENT_OUT
  39:Core/Src/gpio.c ****         * EXTI
  40:Core/Src/gpio.c **** */
  41:Core/Src/gpio.c **** void MX_GPIO_Init(void)
  42:Core/Src/gpio.c **** {
  29              		.loc 1 42 1 view -0
  30              		.cfi_startproc
  31              		@ args = 0, pretend = 0, frame = 40
  32              		@ frame_needed = 0, uses_anonymous_args = 0
  33 0000 2DE9F041 		push	{r4, r5, r6, r7, r8, lr}
  34              	.LCFI0:
  35              		.cfi_def_cfa_offset 24
  36              		.cfi_offset 4, -24
  37              		.cfi_offset 5, -20
  38              		.cfi_offset 6, -16
  39              		.cfi_offset 7, -12
  40              		.cfi_offset 8, -8
  41              		.cfi_offset 14, -4
  42 0004 8AB0     		sub	sp, sp, #40
  43              	.LCFI1:
  44              		.cfi_def_cfa_offset 64
  43:Core/Src/gpio.c **** 
  44:Core/Src/gpio.c ****   GPIO_InitTypeDef GPIO_InitStruct = {0};
  45              		.loc 1 44 3 view .LVU1
  46              		.loc 1 44 20 is_stmt 0 view .LVU2
  47 0006 0024     		movs	r4, #0
  48 0008 0594     		str	r4, [sp, #20]
  49 000a 0694     		str	r4, [sp, #24]
  50 000c 0794     		str	r4, [sp, #28]
  51 000e 0894     		str	r4, [sp, #32]
  52 0010 0994     		str	r4, [sp, #36]
  45:Core/Src/gpio.c **** 
  46:Core/Src/gpio.c ****   /* GPIO Ports Clock Enable */
  47:Core/Src/gpio.c ****   __HAL_RCC_GPIOC_CLK_ENABLE();
  53              		.loc 1 47 3 is_stmt 1 view .LVU3
  54              	.LBB2:
  55              		.loc 1 47 3 view .LVU4
  56 0012 0194     		str	r4, [sp, #4]
  57              		.loc 1 47 3 view .LVU5
  58 0014 2B4B     		ldr	r3, .L3
  59 0016 1A6B     		ldr	r2, [r3, #48]
  60 0018 42F00402 		orr	r2, r2, #4
  61 001c 1A63     		str	r2, [r3, #48]
  62              		.loc 1 47 3 view .LVU6
  63 001e 1A6B     		ldr	r2, [r3, #48]
  64 0020 02F00402 		and	r2, r2, #4
  65 0024 0192     		str	r2, [sp, #4]
  66              		.loc 1 47 3 view .LVU7
  67 0026 019A     		ldr	r2, [sp, #4]
  68              	.LBE2:
ARM GAS  /tmp/cctMypvL.s 			page 3


  69              		.loc 1 47 3 view .LVU8
  48:Core/Src/gpio.c ****   __HAL_RCC_GPIOH_CLK_ENABLE();
  70              		.loc 1 48 3 view .LVU9
  71              	.LBB3:
  72              		.loc 1 48 3 view .LVU10
  73 0028 0294     		str	r4, [sp, #8]
  74              		.loc 1 48 3 view .LVU11
  75 002a 1A6B     		ldr	r2, [r3, #48]
  76 002c 42F08002 		orr	r2, r2, #128
  77 0030 1A63     		str	r2, [r3, #48]
  78              		.loc 1 48 3 view .LVU12
  79 0032 1A6B     		ldr	r2, [r3, #48]
  80 0034 02F08002 		and	r2, r2, #128
  81 0038 0292     		str	r2, [sp, #8]
  82              		.loc 1 48 3 view .LVU13
  83 003a 029A     		ldr	r2, [sp, #8]
  84              	.LBE3:
  85              		.loc 1 48 3 view .LVU14
  49:Core/Src/gpio.c ****   __HAL_RCC_GPIOA_CLK_ENABLE();
  86              		.loc 1 49 3 view .LVU15
  87              	.LBB4:
  88              		.loc 1 49 3 view .LVU16
  89 003c 0394     		str	r4, [sp, #12]
  90              		.loc 1 49 3 view .LVU17
  91 003e 1A6B     		ldr	r2, [r3, #48]
  92 0040 42F00102 		orr	r2, r2, #1
  93 0044 1A63     		str	r2, [r3, #48]
  94              		.loc 1 49 3 view .LVU18
  95 0046 1A6B     		ldr	r2, [r3, #48]
  96 0048 02F00102 		and	r2, r2, #1
  97 004c 0392     		str	r2, [sp, #12]
  98              		.loc 1 49 3 view .LVU19
  99 004e 039A     		ldr	r2, [sp, #12]
 100              	.LBE4:
 101              		.loc 1 49 3 view .LVU20
  50:Core/Src/gpio.c ****   __HAL_RCC_GPIOB_CLK_ENABLE();
 102              		.loc 1 50 3 view .LVU21
 103              	.LBB5:
 104              		.loc 1 50 3 view .LVU22
 105 0050 0494     		str	r4, [sp, #16]
 106              		.loc 1 50 3 view .LVU23
 107 0052 1A6B     		ldr	r2, [r3, #48]
 108 0054 42F00202 		orr	r2, r2, #2
 109 0058 1A63     		str	r2, [r3, #48]
 110              		.loc 1 50 3 view .LVU24
 111 005a 1B6B     		ldr	r3, [r3, #48]
 112 005c 03F00203 		and	r3, r3, #2
 113 0060 0493     		str	r3, [sp, #16]
 114              		.loc 1 50 3 view .LVU25
 115 0062 049B     		ldr	r3, [sp, #16]
 116              	.LBE5:
 117              		.loc 1 50 3 view .LVU26
  51:Core/Src/gpio.c **** 
  52:Core/Src/gpio.c ****   /*Configure GPIO pin Output Level */
  53:Core/Src/gpio.c ****   HAL_GPIO_WritePin(GPIOA, GPIO_PIN_4|GPIO_PIN_11|GPIO_PIN_15, GPIO_PIN_RESET);
 118              		.loc 1 53 3 view .LVU27
 119 0064 DFF86880 		ldr	r8, .L3+12
ARM GAS  /tmp/cctMypvL.s 			page 4


 120 0068 2246     		mov	r2, r4
 121 006a 48F61001 		movw	r1, #34832
 122 006e 4046     		mov	r0, r8
 123 0070 FFF7FEFF 		bl	HAL_GPIO_WritePin
 124              	.LVL0:
  54:Core/Src/gpio.c **** 
  55:Core/Src/gpio.c ****   /*Configure GPIO pin Output Level */
  56:Core/Src/gpio.c ****   HAL_GPIO_WritePin(GPIOC, GPIO_PIN_5, GPIO_PIN_RESET);
 125              		.loc 1 56 3 view .LVU28
 126 0074 144D     		ldr	r5, .L3+4
 127 0076 2246     		mov	r2, r4
 128 0078 2021     		movs	r1, #32
 129 007a 2846     		mov	r0, r5
 130 007c FFF7FEFF 		bl	HAL_GPIO_WritePin
 131              	.LVL1:
  57:Core/Src/gpio.c **** 
  58:Core/Src/gpio.c ****   /*Configure GPIO pin : PtPin */
  59:Core/Src/gpio.c ****   GPIO_InitStruct.Pin = B1_Pin;
 132              		.loc 1 59 3 view .LVU29
 133              		.loc 1 59 23 is_stmt 0 view .LVU30
 134 0080 4FF40053 		mov	r3, #8192
 135 0084 0593     		str	r3, [sp, #20]
  60:Core/Src/gpio.c ****   GPIO_InitStruct.Mode = GPIO_MODE_IT_FALLING;
 136              		.loc 1 60 3 is_stmt 1 view .LVU31
 137              		.loc 1 60 24 is_stmt 0 view .LVU32
 138 0086 114B     		ldr	r3, .L3+8
 139 0088 0693     		str	r3, [sp, #24]
  61:Core/Src/gpio.c ****   GPIO_InitStruct.Pull = GPIO_NOPULL;
 140              		.loc 1 61 3 is_stmt 1 view .LVU33
 141              		.loc 1 61 24 is_stmt 0 view .LVU34
 142 008a 0794     		str	r4, [sp, #28]
  62:Core/Src/gpio.c ****   HAL_GPIO_Init(B1_GPIO_Port, &GPIO_InitStruct);
 143              		.loc 1 62 3 is_stmt 1 view .LVU35
 144 008c 05A9     		add	r1, sp, #20
 145 008e 2846     		mov	r0, r5
 146 0090 FFF7FEFF 		bl	HAL_GPIO_Init
 147              	.LVL2:
  63:Core/Src/gpio.c **** 
  64:Core/Src/gpio.c ****   /*Configure GPIO pins : PA4 PA11 PA15 */
  65:Core/Src/gpio.c ****   GPIO_InitStruct.Pin = GPIO_PIN_4|GPIO_PIN_11|GPIO_PIN_15;
 148              		.loc 1 65 3 view .LVU36
 149              		.loc 1 65 23 is_stmt 0 view .LVU37
 150 0094 48F61003 		movw	r3, #34832
 151 0098 0593     		str	r3, [sp, #20]
  66:Core/Src/gpio.c ****   GPIO_InitStruct.Mode = GPIO_MODE_OUTPUT_PP;
 152              		.loc 1 66 3 is_stmt 1 view .LVU38
 153              		.loc 1 66 24 is_stmt 0 view .LVU39
 154 009a 0127     		movs	r7, #1
 155 009c 0697     		str	r7, [sp, #24]
  67:Core/Src/gpio.c ****   GPIO_InitStruct.Pull = GPIO_NOPULL;
 156              		.loc 1 67 3 is_stmt 1 view .LVU40
 157              		.loc 1 67 24 is_stmt 0 view .LVU41
 158 009e 0794     		str	r4, [sp, #28]
  68:Core/Src/gpio.c ****   GPIO_InitStruct.Speed = GPIO_SPEED_FREQ_VERY_HIGH;
 159              		.loc 1 68 3 is_stmt 1 view .LVU42
 160              		.loc 1 68 25 is_stmt 0 view .LVU43
 161 00a0 0326     		movs	r6, #3
ARM GAS  /tmp/cctMypvL.s 			page 5


 162 00a2 0896     		str	r6, [sp, #32]
  69:Core/Src/gpio.c ****   HAL_GPIO_Init(GPIOA, &GPIO_InitStruct);
 163              		.loc 1 69 3 is_stmt 1 view .LVU44
 164 00a4 05A9     		add	r1, sp, #20
 165 00a6 4046     		mov	r0, r8
 166 00a8 FFF7FEFF 		bl	HAL_GPIO_Init
 167              	.LVL3:
  70:Core/Src/gpio.c **** 
  71:Core/Src/gpio.c ****   /*Configure GPIO pin : PC5 */
  72:Core/Src/gpio.c ****   GPIO_InitStruct.Pin = GPIO_PIN_5;
 168              		.loc 1 72 3 view .LVU45
 169              		.loc 1 72 23 is_stmt 0 view .LVU46
 170 00ac 2023     		movs	r3, #32
 171 00ae 0593     		str	r3, [sp, #20]
  73:Core/Src/gpio.c ****   GPIO_InitStruct.Mode = GPIO_MODE_OUTPUT_PP;
 172              		.loc 1 73 3 is_stmt 1 view .LVU47
 173              		.loc 1 73 24 is_stmt 0 view .LVU48
 174 00b0 0697     		str	r7, [sp, #24]
  74:Core/Src/gpio.c ****   GPIO_InitStruct.Pull = GPIO_NOPULL;
 175              		.loc 1 74 3 is_stmt 1 view .LVU49
 176              		.loc 1 74 24 is_stmt 0 view .LVU50
 177 00b2 0794     		str	r4, [sp, #28]
  75:Core/Src/gpio.c ****   GPIO_InitStruct.Speed = GPIO_SPEED_FREQ_VERY_HIGH;
 178              		.loc 1 75 3 is_stmt 1 view .LVU51
 179              		.loc 1 75 25 is_stmt 0 view .LVU52
 180 00b4 0896     		str	r6, [sp, #32]
  76:Core/Src/gpio.c ****   HAL_GPIO_Init(GPIOC, &GPIO_InitStruct);
 181              		.loc 1 76 3 is_stmt 1 view .LVU53
 182 00b6 05A9     		add	r1, sp, #20
 183 00b8 2846     		mov	r0, r5
 184 00ba FFF7FEFF 		bl	HAL_GPIO_Init
 185              	.LVL4:
  77:Core/Src/gpio.c **** 
  78:Core/Src/gpio.c **** }
 186              		.loc 1 78 1 is_stmt 0 view .LVU54
 187 00be 0AB0     		add	sp, sp, #40
 188              	.LCFI2:
 189              		.cfi_def_cfa_offset 24
 190              		@ sp needed
 191 00c0 BDE8F081 		pop	{r4, r5, r6, r7, r8, pc}
 192              	.L4:
 193              		.align	2
 194              	.L3:
 195 00c4 00380240 		.word	1073887232
 196 00c8 00080240 		.word	1073874944
 197 00cc 00002110 		.word	270598144
 198 00d0 00000240 		.word	1073872896
 199              		.cfi_endproc
 200              	.LFE235:
 202              		.text
 203              	.Letext0:
 204              		.file 2 "/usr/lib/gcc/arm-none-eabi/9.2.1/include/stdint.h"
 205              		.file 3 "Drivers/CMSIS/Include/core_cm4.h"
 206              		.file 4 "Drivers/CMSIS/Device/ST/STM32F4xx/Include/system_stm32f4xx.h"
 207              		.file 5 "Drivers/CMSIS/Device/ST/STM32F4xx/Include/stm32f446xx.h"
 208              		.file 6 "Drivers/STM32F4xx_HAL_Driver/Inc/stm32f4xx_hal_gpio.h"
 209              		.file 7 "Drivers/STM32F4xx_HAL_Driver/Inc/stm32f4xx_hal.h"
ARM GAS  /tmp/cctMypvL.s 			page 6


ARM GAS  /tmp/cctMypvL.s 			page 7


DEFINED SYMBOLS
                            *ABS*:0000000000000000 gpio.c
     /tmp/cctMypvL.s:18     .text.MX_GPIO_Init:0000000000000000 $t
     /tmp/cctMypvL.s:26     .text.MX_GPIO_Init:0000000000000000 MX_GPIO_Init
     /tmp/cctMypvL.s:195    .text.MX_GPIO_Init:00000000000000c4 $d

UNDEFINED SYMBOLS
HAL_GPIO_WritePin
HAL_GPIO_Init
